# JRE version: Java(TM) SE Runtime Environment (16.0.1+9) (build 16.0.1+9-24)
# Java VM: Java HotSpot(TM) 64-Bit Server VM (16.0.1+9-24, mixed mode, sharing, tiered, compressed oops, compressed class ptrs, g1 gc, windows-amd64)
GC Precious Log:
 CPUs: 4 total, 4 available
 Memory: 4010M
 Large Page Support: Disabled
 NUMA Support: Disabled
 Compressed Oops: Enabled (32-bit)
 Heap Region Size: 1M
 Heap Min Capacity: 8M
 Heap Initial Capacity: 64M
 Heap Max Capacity: 1004M
 Pre-touch: Disabled
 Parallel Workers: 4
 Concurrent Workers: 1
 Concurrent Refinement Workers: 4
 Periodic GC: Disabled
Heap:
 garbage-first heap   total 51200K, used 21716K [0x00000000c1400000, 0x0000000100000000)
  region size 1024K, 13 young (13312K), 3 survivors (3072K)
 Metaspace       used 23358K, committed 23680K, reserved 1073152K
  class space    used 2967K, committed 3136K, reserved 1048576K
GC Heap History (8 events):
Event: 0.821 GC heap before
{Heap before GC invocations=0 (full 0):
 garbage-first heap   total 65536K, used 13312K [0x00000000c1400000, 0x0000000100000000)
  region size 1024K, 13 young (13312K), 0 survivors (0K)
 Metaspace       used 1977K, committed 2112K, reserved 1056768K
  class space    used 185K, committed 256K, reserved 1048576K
}
Event: 0.832 GC heap after
{Heap after GC invocations=1 (full 0):
 garbage-first heap   total 65536K, used 3138K [0x00000000c1400000, 0x0000000100000000)
  region size 1024K, 2 young (2048K), 2 survivors (2048K)
 Metaspace       used 1977K, committed 2112K, reserved 1056768K
  class space    used 185K, committed 256K, reserved 1048576K
}
Event: 1.291 GC heap before
{Heap before GC invocations=1 (full 0):
 garbage-first heap   total 65536K, used 18498K [0x00000000c1400000, 0x0000000100000000)
  region size 1024K, 18 young (18432K), 2 survivors (2048K)
 Metaspace       used 6563K, committed 6720K, reserved 1056768K
  class space    used 762K, committed 832K, reserved 1048576K
}
Event: 1.296 GC heap after
{Heap after GC invocations=2 (full 0):
 garbage-first heap   total 65536K, used 4288K [0x00000000c1400000, 0x0000000100000000)
  region size 1024K, 2 young (2048K), 2 survivors (2048K)
 Metaspace       used 6563K, committed 6720K, reserved 1056768K
  class space    used 762K, committed 832K, reserved 1048576K
}
Event: 23.564 GC heap before
{Heap before GC invocations=2 (full 0):
 garbage-first heap   total 65536K, used 42176K [0x00000000c1400000, 0x0000000100000000)
  region size 1024K, 38 young (38912K), 2 survivors (2048K)
 Metaspace       used 15157K, committed 15424K, reserved 1064960K
  class space    used 2049K, committed 2176K, reserved 1048576K
}
Event: 23.592 GC heap after
{Heap after GC invocations=3 (full 0):
 garbage-first heap   total 65536K, used 10507K [0x00000000c1400000, 0x0000000100000000)
  region size 1024K, 5 young (5120K), 5 survivors (5120K)
 Metaspace       used 15157K, committed 15424K, reserved 1064960K
  class space    used 2049K, committed 2176K, reserved 1048576K
}
Event: 31.771 GC heap before
{Heap before GC invocations=3 (full 0):
 garbage-first heap   total 65536K, used 27915K [0x00000000c1400000, 0x0000000100000000)
  region size 1024K, 24 young (24576K), 5 survivors (5120K)
 Metaspace       used 21012K, committed 21248K, reserved 1073152K
  class space    used 2661K, committed 2816K, reserved 1048576K
}
Event: 31.781 GC heap after
{Heap after GC invocations=4 (full 0):
 garbage-first heap   total 65536K, used 13524K [0x00000000c1400000, 0x0000000100000000)
  region size 1024K, 3 young (3072K), 3 survivors (3072K)
 Metaspace       used 21012K, committed 21248K, reserved 1073152K
  class space    used 2661K, committed 2816K, reserved 1048576K
}

