# JRE version: Java(TM) SE Runtime Environment (16.0.1+9) (build 16.0.1+9-24)
# Java VM: Java HotSpot(TM) 64-Bit Server VM (16.0.1+9-24, mixed mode, sharing, tiered, compressed oops, compressed class ptrs, g1 gc, windows-amd64)
GC Precious Log:
 CPUs: 4 total, 4 available
 Memory: 4010M
 Large Page Support: Disabled
 NUMA Support: Disabled
 Compressed Oops: Enabled (32-bit)
 Heap Region Size: 1M
 Heap Min Capacity: 8M
 Heap Initial Capacity: 64M
 Heap Max Capacity: 1004M
 Pre-touch: Disabled
 Parallel Workers: 4
 Concurrent Workers: 1
 Concurrent Refinement Workers: 4
 Periodic GC: Disabled
Heap:
 garbage-first heap   total 51200K, used 19717K [0x00000000c1400000, 0x0000000100000000)
  region size 1024K, 11 young (11264K), 4 survivors (4096K)
 Metaspace       used 23275K, committed 23552K, reserved 1073152K
  class space    used 2933K, committed 3072K, reserved 1048576K
GC Heap History (8 events):
Event: 8.010 GC heap before
{Heap before GC invocations=0 (full 0):
 garbage-first heap   total 65536K, used 13312K [0x00000000c1400000, 0x0000000100000000)
  region size 1024K, 13 young (13312K), 0 survivors (0K)
 Metaspace       used 1957K, committed 2112K, reserved 1056768K
  class space    used 184K, committed 256K, reserved 1048576K
}
Event: 8.015 GC heap after
{Heap after GC invocations=1 (full 0):
 garbage-first heap   total 65536K, used 3070K [0x00000000c1400000, 0x0000000100000000)
  region size 1024K, 2 young (2048K), 2 survivors (2048K)
 Metaspace       used 1957K, committed 2112K, reserved 1056768K
  class space    used 184K, committed 256K, reserved 1048576K
}
Event: 9.932 GC heap before
{Heap before GC invocations=1 (full 0):
 garbage-first heap   total 65536K, used 18430K [0x00000000c1400000, 0x0000000100000000)
  region size 1024K, 18 young (18432K), 2 survivors (2048K)
 Metaspace       used 6599K, committed 6784K, reserved 1056768K
  class space    used 765K, committed 832K, reserved 1048576K
}
Event: 9.936 GC heap after
{Heap after GC invocations=2 (full 0):
 garbage-first heap   total 65536K, used 4251K [0x00000000c1400000, 0x0000000100000000)
  region size 1024K, 2 young (2048K), 2 survivors (2048K)
 Metaspace       used 6599K, committed 6784K, reserved 1056768K
  class space    used 765K, committed 832K, reserved 1048576K
}
Event: 31.205 GC heap before
{Heap before GC invocations=2 (full 0):
 garbage-first heap   total 65536K, used 43163K [0x00000000c1400000, 0x0000000100000000)
  region size 1024K, 38 young (38912K), 2 survivors (2048K)
 Metaspace       used 15054K, committed 15296K, reserved 1064960K
  class space    used 2047K, committed 2176K, reserved 1048576K
}
Event: 31.225 GC heap after
{Heap after GC invocations=3 (full 0):
 garbage-first heap   total 65536K, used 10450K [0x00000000c1400000, 0x0000000100000000)
  region size 1024K, 5 young (5120K), 5 survivors (5120K)
 Metaspace       used 15054K, committed 15296K, reserved 1064960K
  class space    used 2047K, committed 2176K, reserved 1048576K
}
Event: 47.535 GC heap before
{Heap before GC invocations=3 (full 0):
 garbage-first heap   total 65536K, used 28882K [0x00000000c1400000, 0x0000000100000000)
  region size 1024K, 25 young (25600K), 5 survivors (5120K)
 Metaspace       used 21074K, committed 21248K, reserved 1073152K
  class space    used 2657K, committed 2752K, reserved 1048576K
}
Event: 47.548 GC heap after
{Heap after GC invocations=4 (full 0):
 garbage-first heap   total 65536K, used 13573K [0x00000000c1400000, 0x0000000100000000)
  region size 1024K, 4 young (4096K), 4 survivors (4096K)
 Metaspace       used 21074K, committed 21248K, reserved 1073152K
  class space    used 2657K, committed 2752K, reserved 1048576K
}

